<?xml version="1.0" encoding="UTF-8"?><testsuite name="nosetests" tests="200" errors="0" failures="0" skip="0"><testcase classname="tests.integration_tests.editor_app.test_views.EditorTestCase" name="test_edit" time="0.001"></testcase><testcase classname="tests.integration_tests.editor_app.test_views.EditorTestCase" name="test_proxy_logging" time="0.001"></testcase><testcase classname="tests.integration_tests.editor_app.test_views.EditorTestCase" name="test_proxy_setting" time="0.000"></testcase><testcase classname="tests.integration_tests.editor_app.test_views.EditorTestCase" name="test_restore" time="0.001"></testcase><testcase classname="tests.integration_tests.service_app.test_views.NewUpdateServiceViewTestCase" name="test_get_update_service_view" time="0.003"></testcase><testcase classname="tests.integration_tests.service_app.test_views.NewUpdateServiceViewTestCase" name="test_post_invalid_no_service_update_service_page1" time="0.001"></testcase><testcase classname="tests.integration_tests.service_app.test_views.NewUpdateServiceViewTestCase" name="test_post_invalid_service_type_update_service_page1" time="0.001"></testcase><testcase classname="tests.integration_tests.service_app.test_views.NewUpdateServiceViewTestCase" name="test_post_invalid_update_candidate_exists_update_service_page1" time="0.001"></testcase><testcase classname="tests.integration_tests.service_app.test_views.NewUpdateServiceViewTestCase" name="test_post_valid_update_service_page1" time="0.000"></testcase><testcase classname="tests.integration_tests.service_app.test_views.ServiceTestCase" name="test_new_service_check_capabilities_uri" time="0.001"></testcase><testcase classname="tests.integration_tests.service_app.test_views.ServiceTestCase" name="test_new_service_check_describing_attributes" time="0.001"></testcase><testcase classname="tests.integration_tests.service_app.test_views.ServiceTestCase" name="test_new_service_check_layer_num" time="0.001"></testcase><testcase classname="tests.integration_tests.service_app.test_views.ServiceTestCase" name="test_new_service_check_metadata_not_null" time="0.001"></testcase><testcase classname="tests.integration_tests.service_app.test_views.ServiceTestCase" name="test_new_service_check_reference_systems" time="0.001"></testcase><testcase classname="tests.integration_tests.service_app.test_views.ServiceTestCase" name="test_new_service_check_register_dependencies" time="0.000"></testcase><testcase classname="tests.integration_tests.service_app.test_views.ServiceTestCase" name="test_new_service_check_status" time="0.001"></testcase><testcase classname="tests.integration_tests.service_app.test_views.ServiceTestCase" name="test_new_service_check_version_and_type" time="0.002"></testcase><testcase classname="tests.integration_tests.service_app.test_views.ServiceTestCase" name="test_secure_service" time="0.001"></testcase><testcase classname="tests.integration_tests.service_app.test_views.ServiceTestCase" name="test_subscriptions" time="0.001"></testcase><testcase classname="tests.unit_tests.MrMap_app.test_decorator.DecoratorTestCase" name="test_log_proxy" time="0.170"></testcase><testcase classname="tests.unit_tests.MrMap_app.test_validators.ValidatorsTestCase" name="test_geometry_is_empty_with_empty_geometry" time="0.002"></testcase><testcase classname="tests.unit_tests.MrMap_app.test_validators.ValidatorsTestCase" name="test_geometry_is_empty_with_non_empty_geometry" time="0.001"></testcase><testcase classname="tests.unit_tests.api_app.test_parameter.ApiParameterTestCase" name="test_q" time="1.503"></testcase><testcase classname="tests.unit_tests.api_app.test_views.ApiViewTestCase" name="test_overview_menu" time="0.656"></testcase><testcase classname="tests.unit_tests.api_app.test_views.ApiViewTestCase" name="test_views" time="1.145"><system-err><![CDATA[/home/jonas/Git/mrmap_/venv/lib/python3.7/site-packages/rest_framework/pagination.py:200: UnorderedObjectListWarning: Pagination may yield inconsistent results with an unordered object_list: <class 'service.models.Category'> QuerySet.
  paginator = self.django_paginator_class(queryset, page_size)
]]></system-err></testcase><testcase classname="tests.unit_tests.csw_app.test_csw.CswViewTestCase" name="test_exception_report" time="0.897"></testcase><testcase classname="tests.unit_tests.csw_app.test_csw.CswViewTestCase" name="test_get_records" time="0.885"></testcase><testcase classname="tests.unit_tests.csw_app.test_csw.CswViewTestCase" name="test_get_records_by_id" time="0.863"></testcase><testcase classname="tests.unit_tests.csw_app.test_csw.CswViewTestCase" name="test_get_records_constraint" time="0.852"></testcase><testcase classname="tests.unit_tests.csw_app.test_csw.CswViewTestCase" name="test_get_records_md_metadata" time="0.832"></testcase><testcase classname="tests.unit_tests.csw_app.test_csw.CswViewTestCase" name="test_get_records_sort" time="0.872"></testcase><testcase classname="tests.unit_tests.editor_app.test_autocomplete.EditorAutocompleteTestCase" name="test_editor_autocomplete_category" time="0.201"></testcase><testcase classname="tests.unit_tests.editor_app.test_autocomplete.EditorAutocompleteTestCase" name="test_editor_autocomplete_keyword" time="0.296"></testcase><testcase classname="tests.unit_tests.editor_app.test_views.EditorAccessEditViewTestCase" name="test_get_form_view" time="0.837"></testcase><testcase classname="tests.unit_tests.editor_app.test_views.EditorDatasetRemoveInstanceViewTestCase" name="test_remove_instance_view" time="0.198"></testcase><testcase classname="tests.unit_tests.editor_app.test_views.EditorDatasetWizardInstanceViewTestCase" name="test_get_wizard_instance_view" time="0.627"></testcase><testcase classname="tests.unit_tests.editor_app.test_views.EditorDatasetWizardInstanceViewTestCase" name="test_step_and_save_wizard_instance_view" time="0.504"></testcase><testcase classname="tests.unit_tests.editor_app.test_views.EditorDatasetWizardNewViewTestCase" name="test_get_wizard_new_view" time="0.651"></testcase><testcase classname="tests.unit_tests.editor_app.test_views.EditorMetadataEditViewTestCase" name="test_get_form_view" time="0.230"></testcase><testcase classname="tests.unit_tests.editor_app.test_views.EditorRestoreDatasetViewTestCase" name="test_restore_non_custom_instance_view" time="0.635"></testcase><testcase classname="tests.unit_tests.monitoring_app.test_helpers.MonitoringTests" name="test_url_build" time="0.001"></testcase><testcase classname="tests.unit_tests.monitoring_app.test_helpers.MonitoringTests" name="test_wfs_get_capabilities_url" time="0.008"></testcase><testcase classname="tests.unit_tests.monitoring_app.test_helpers.MonitoringTests" name="test_wfs_get_list_stored_queries_url" time="0.013"></testcase><testcase classname="tests.unit_tests.monitoring_app.test_helpers.MonitoringTests" name="test_wms_describe_layer_url" time="0.017"></testcase><testcase classname="tests.unit_tests.monitoring_app.test_helpers.MonitoringTests" name="test_wms_get_capabilities_url" time="0.008"></testcase><testcase classname="tests.unit_tests.monitoring_app.test_helpers.MonitoringTests" name="test_wms_get_feature_info_url" time="0.012"></testcase><testcase classname="tests.unit_tests.monitoring_app.test_helpers.MonitoringTests" name="test_wms_get_legend_graphic_url" time="0.001"></testcase><testcase classname="tests.unit_tests.monitoring_app.test_helpers.MonitoringTests" name="test_wms_get_map_url" time="0.022"></testcase><testcase classname="tests.unit_tests.monitoring_app.test_helpers.MonitoringTests" name="test_wms_get_styles_url" time="0.012"></testcase><testcase classname="tests.unit_tests.monitoring_app.test_models.ServiceFiltersTestCase" name="test_3m_statistics" time="0.294"></testcase><testcase classname="tests.unit_tests.monitoring_app.test_models.ServiceFiltersTestCase" name="test_calculate_reliability" time="0.148"></testcase><testcase classname="tests.unit_tests.monitoring_app.test_models.ServiceFiltersTestCase" name="test_run_health_state" time="0.185"></testcase><testcase classname="tests.unit_tests.monitoring_app.test_models.ServiceFiltersTestCase" name="test_run_health_state_response_code_401" time="0.113"></testcase><testcase classname="tests.unit_tests.monitoring_app.test_models.ServiceFiltersTestCase" name="test_run_health_state_with_critical_results" time="0.113"></testcase><testcase classname="tests.unit_tests.quality_app.test_plugins_etf.EtfClientTests" name="test_check_test_run_finished_fail" time="0.002"></testcase><testcase classname="tests.unit_tests.quality_app.test_plugins_etf.EtfClientTests" name="test_check_test_run_finished_ok_finished" time="0.001"></testcase><testcase classname="tests.unit_tests.quality_app.test_plugins_etf.EtfClientTests" name="test_check_test_run_finished_ok_not_finished" time="0.001"></testcase><testcase classname="tests.unit_tests.quality_app.test_plugins_etf.EtfClientTests" name="test_delete_test_object_fail" time="0.002"></testcase><testcase classname="tests.unit_tests.quality_app.test_plugins_etf.EtfClientTests" name="test_delete_test_object_ok" time="0.002"></testcase><testcase classname="tests.unit_tests.quality_app.test_plugins_etf.EtfClientTests" name="test_delete_test_run_fail" time="0.001"></testcase><testcase classname="tests.unit_tests.quality_app.test_plugins_etf.EtfClientTests" name="test_delete_test_run_ok" time="0.001"></testcase><testcase classname="tests.unit_tests.quality_app.test_plugins_etf.EtfClientTests" name="test_fetch_test_reports_fail" time="0.002"></testcase><testcase classname="tests.unit_tests.quality_app.test_plugins_etf.EtfClientTests" name="test_fetch_test_reports_ok" time="0.001"></testcase><testcase classname="tests.unit_tests.quality_app.test_plugins_etf.EtfClientTests" name="test_is_test_report_passed_false" time="0.001"></testcase><testcase classname="tests.unit_tests.quality_app.test_plugins_etf.EtfClientTests" name="test_is_test_report_passed_true" time="0.001"></testcase><testcase classname="tests.unit_tests.quality_app.test_plugins_etf.EtfClientTests" name="test_start_test_run_fail" time="0.002"></testcase><testcase classname="tests.unit_tests.quality_app.test_plugins_etf.EtfClientTests" name="test_start_test_run_ok" time="0.002"></testcase><testcase classname="tests.unit_tests.quality_app.test_plugins_etf.EtfClientTests" name="test_upload_test_object_fail" time="0.002"></testcase><testcase classname="tests.unit_tests.quality_app.test_plugins_etf.EtfClientTests" name="test_upload_test_object_ok" time="0.002"></testcase><testcase classname="tests.unit_tests.quality_app.test_plugins_etf.PluginEtfTests" name="test_run_fail" time="0.006"></testcase><testcase classname="tests.unit_tests.quality_app.test_plugins_etf.PluginEtfTests" name="test_run_pass" time="0.004"></testcase><testcase classname="tests.unit_tests.quality_app.test_plugins_internal.PluginInternalTests" name="test_check_rule_fail" time="0.009"></testcase><testcase classname="tests.unit_tests.quality_app.test_plugins_internal.PluginInternalTests" name="test_check_rule_pass" time="0.009"></testcase><testcase classname="tests.unit_tests.quality_app.test_plugins_internal.PluginInternalTests" name="test_check_ruleset_fail" time="0.009"></testcase><testcase classname="tests.unit_tests.quality_app.test_plugins_internal.PluginInternalTests" name="test_check_ruleset_pass" time="0.010"></testcase><testcase classname="tests.unit_tests.quality_app.test_plugins_internal.PluginInternalTests" name="test_run_fail" time="0.022"></testcase><testcase classname="tests.unit_tests.quality_app.test_plugins_internal.PluginInternalTests" name="test_run_pass" time="0.026"></testcase><testcase classname="tests.unit_tests.quality_app.test_plugins_internal.PluginInternalTests" name="test_run_pass_with_optional_fail" time="0.028"></testcase><testcase classname="tests.unit_tests.service_app.test_models.AllowedOperationTestModel" name="test_object_with_validation_errors_shall_not_be_stored" time="1.377"></testcase><testcase classname="tests.unit_tests.service_app.test_models.AllowedOperationTestModel" name="test_save_successfully" time="1.427"></testcase><testcase classname="tests.unit_tests.service_app.test_models.AllowedOperationTestModel" name="test_validation_error_on_bounding_geometry_is_empty" time="1.295"></testcase><testcase classname="tests.unit_tests.service_app.test_models.MetadataTestCase" name="test_wfs_delete" time="0.649"></testcase><testcase classname="tests.unit_tests.service_app.test_models.MetadataTestCase" name="test_wms_delete" time="0.648"></testcase><testcase classname="tests.unit_tests.service_app.test_tables.ServiceTestCase" name="test_child_layer_table_sorting" time="0.056"></testcase><testcase classname="tests.unit_tests.service_app.test_tables.ServiceTestCase" name="test_coupled_metadata_table_sorting" time="0.026"></testcase><testcase classname="tests.unit_tests.service_app.test_tables.ServiceTestCase" name="test_featuretype_table_sorting" time="0.023"></testcase><testcase classname="tests.unit_tests.service_app.test_tables.ServiceTestCase" name="test_proxy_log_table_sorting" time="0.150"></testcase><testcase classname="tests.unit_tests.service_app.test_tables.ServiceTestCase" name="test_wfs_layer_table_sorting" time="0.027"></testcase><testcase classname="tests.unit_tests.service_app.test_tables.ServiceTestCase" name="test_wms_layer_table_sorting" time="0.025"></testcase><testcase classname="tests.unit_tests.service_app.test_tables.ServiceTestCase" name="test_wms_service_table_sorting" time="0.025"></testcase><testcase classname="tests.unit_tests.service_app.test_tasks.ServiceTaskTestCase" name="test_async_increase_hits" time="0.577"></testcase><testcase classname="tests.unit_tests.service_app.test_tasks.ServiceTaskTestCase" name="test_async_new_service" time="0.527"></testcase><testcase classname="tests.unit_tests.service_app.test_views.DismissPendingUpdateServiceViewTestCase" name="test_get_dismiss_pending_update_wfs_service_view" time="0.289"></testcase><testcase classname="tests.unit_tests.service_app.test_views.DismissPendingUpdateServiceViewTestCase" name="test_get_dismiss_pending_update_wms_service_view" time="0.254"></testcase><testcase classname="tests.unit_tests.service_app.test_views.DismissPendingUpdateServiceViewTestCase" name="test_post_dismiss_pending_update_wfs_service_view" time="0.360"></testcase><testcase classname="tests.unit_tests.service_app.test_views.DismissPendingUpdateServiceViewTestCase" name="test_post_dismiss_pending_update_wms_service_view" time="0.377"></testcase><testcase classname="tests.unit_tests.service_app.test_views.GetDatasetMetadataViewTestCase" name="test_get_dataset_metadata" time="0.148"></testcase><testcase classname="tests.unit_tests.service_app.test_views.GetMetadataHtmlViewTestCase" name="test_get_metadata_html_for_featuretype" time="0.270"></testcase><testcase classname="tests.unit_tests.service_app.test_views.GetMetadataHtmlViewTestCase" name="test_get_metadata_html_for_layer" time="0.213"></testcase><testcase classname="tests.unit_tests.service_app.test_views.GetMetadataHtmlViewTestCase" name="test_get_metadata_html_for_wfs" time="0.246"></testcase><testcase classname="tests.unit_tests.service_app.test_views.GetMetadataHtmlViewTestCase" name="test_get_metadata_html_for_wms" time="0.235"></testcase><testcase classname="tests.unit_tests.service_app.test_views.GetServiceMetadataViewTestCase" name="test_get_service_metadata" time="0.176"></testcase><testcase classname="tests.unit_tests.service_app.test_views.GetServicePreviewViewTestCase" name="test_get_preview_for_wms" time="0.166"></testcase><testcase classname="tests.unit_tests.service_app.test_views.PendingUpdateServiceViewTestCase" name="test_get_pending_update_wfs_service_view" time="0.424"></testcase><testcase classname="tests.unit_tests.service_app.test_views.PendingUpdateServiceViewTestCase" name="test_get_pending_update_wms_service_view" time="0.381"></testcase><testcase classname="tests.unit_tests.service_app.test_views.RunUpdateServiceViewTestCase" name="test_get_run_update_wfs_service_view" time="0.260"></testcase><testcase classname="tests.unit_tests.service_app.test_views.RunUpdateServiceViewTestCase" name="test_get_run_update_wms_service_view" time="0.221"></testcase><testcase classname="tests.unit_tests.service_app.test_views.RunUpdateServiceViewTestCase" name="test_post_invalid_run_update_wms_service_view" time="0.237"></testcase><testcase classname="tests.unit_tests.service_app.test_views.RunUpdateServiceViewTestCase" name="test_post_run_update_wfs_service_view" time="0.454"></testcase><testcase classname="tests.unit_tests.service_app.test_views.RunUpdateServiceViewTestCase" name="test_post_run_update_wms_service_view" time="0.441"></testcase><testcase classname="tests.unit_tests.service_app.test_views.ServiceActivateViewTestCase" name="test_activate_service" time="0.180"></testcase><testcase classname="tests.unit_tests.service_app.test_views.ServiceActivateViewTestCase" name="test_permission_denied_activate_service" time="0.141"></testcase><testcase classname="tests.unit_tests.service_app.test_views.ServiceDetailViewTestCase" name="test_get_detail_404" time="0.216"></testcase><testcase classname="tests.unit_tests.service_app.test_views.ServiceDetailViewTestCase" name="test_get_detail_context" time="0.222"></testcase><testcase classname="tests.unit_tests.service_app.test_views.ServiceDetailViewTestCase" name="test_get_detail_wfs" time="0.217"></testcase><testcase classname="tests.unit_tests.service_app.test_views.ServiceDetailViewTestCase" name="test_get_detail_wfs_featuretype" time="0.204"></testcase><testcase classname="tests.unit_tests.service_app.test_views.ServiceDetailViewTestCase" name="test_get_detail_wfs_featuretype_without_base_extending" time="0.191"></testcase><testcase classname="tests.unit_tests.service_app.test_views.ServiceDetailViewTestCase" name="test_get_detail_wms" time="0.208"></testcase><testcase classname="tests.unit_tests.service_app.test_views.ServiceDetailViewTestCase" name="test_get_detail_wms_sublayer" time="0.210"></testcase><testcase classname="tests.unit_tests.service_app.test_views.ServiceDetailViewTestCase" name="test_get_detail_wms_sublayer_without_base_extending" time="0.212"></testcase><testcase classname="tests.unit_tests.service_app.test_views.ServicePendingTaskViewTestCase" name="test_get_pending_tasks_view" time="0.196"></testcase><testcase classname="tests.unit_tests.service_app.test_views.ServiceRemoveViewTestCase" name="test_permission_denied_remove" time="0.217"></testcase><testcase classname="tests.unit_tests.service_app.test_views.ServiceRemoveViewTestCase" name="test_remove_wfs_service" time="0.175"></testcase><testcase classname="tests.unit_tests.service_app.test_views.ServiceRemoveViewTestCase" name="test_remove_wms_service_view" time="0.175"></testcase><testcase classname="tests.unit_tests.service_app.test_views.ServiceWfsIndexViewTestCase" name="test_get_index_view" time="1.144"></testcase><testcase classname="tests.unit_tests.service_app.test_views.ServiceWmsIndexViewTestCase" name="test_get_index_view" time="0.793"></testcase><testcase classname="tests.unit_tests.structure_app.test_forms.RegistrationFormTest" name="test_invalid_password_at_most_8" time="0.016"></testcase><testcase classname="tests.unit_tests.structure_app.test_forms.RegistrationFormTest" name="test_invalid_password_more_than_255" time="0.009"></testcase><testcase classname="tests.unit_tests.structure_app.test_forms.RegistrationFormTest" name="test_invalid_password_without_digit" time="0.008"></testcase><testcase classname="tests.unit_tests.structure_app.test_forms.RegistrationFormTest" name="test_invalid_password_without_lower" time="0.010"></testcase><testcase classname="tests.unit_tests.structure_app.test_forms.RegistrationFormTest" name="test_invalid_password_without_upper" time="0.009"></testcase><testcase classname="tests.unit_tests.structure_app.test_forms.RegistrationFormTest" name="test_invalid_username_with_more_than_255" time="0.007"></testcase><testcase classname="tests.unit_tests.structure_app.test_forms.RegistrationFormTest" name="test_invalid_username_with_non_printable" time="0.008"></testcase><testcase classname="tests.unit_tests.structure_app.test_forms.RegistrationFormTest" name="test_invalid_username_with_special" time="0.011"></testcase><testcase classname="tests.unit_tests.structure_app.test_forms.RegistrationFormTest" name="test_required_field_captcha_is_empty" time="0.008"></testcase><testcase classname="tests.unit_tests.structure_app.test_forms.RegistrationFormTest" name="test_required_field_dsgvo_is_empty" time="0.012"></testcase><testcase classname="tests.unit_tests.structure_app.test_forms.RegistrationFormTest" name="test_required_field_email_is_empty" time="0.009"></testcase><testcase classname="tests.unit_tests.structure_app.test_forms.RegistrationFormTest" name="test_required_field_password_check_is_empty" time="0.008"></testcase><testcase classname="tests.unit_tests.structure_app.test_forms.RegistrationFormTest" name="test_required_field_password_is_empty" time="0.010"></testcase><testcase classname="tests.unit_tests.structure_app.test_forms.RegistrationFormTest" name="test_required_field_username_is_empty" time="0.008"></testcase><testcase classname="tests.unit_tests.structure_app.test_forms.RegistrationFormTest" name="test_valid_data" time="0.014"></testcase><testcase classname="tests.unit_tests.structure_app.test_tables.StructureTablesTestCase" name="test_group_table_sorting" time="0.137"></testcase><testcase classname="tests.unit_tests.structure_app.test_tables.StructureTablesTestCase" name="test_organization_table_sorting" time="0.142"></testcase><testcase classname="tests.unit_tests.structure_app.test_views.StructureAcceptPublishRequestViewTestCase" name="test_invalid_accept_publish_request" time="0.147"></testcase><testcase classname="tests.unit_tests.structure_app.test_views.StructureAcceptPublishRequestViewTestCase" name="test_permission_accept_publish_request" time="0.157"></testcase><testcase classname="tests.unit_tests.structure_app.test_views.StructureAcceptPublishRequestViewTestCase" name="test_valid_accept_publish_request" time="0.146"></testcase><testcase classname="tests.unit_tests.structure_app.test_views.StructureDetailGroupViewTestCase" name="test_get_detail_group" time="0.254"></testcase><testcase classname="tests.unit_tests.structure_app.test_views.StructureDetailOrganizationViewTestCase" name="test_get_detail_organization" time="0.228"></testcase><testcase classname="tests.unit_tests.structure_app.test_views.StructureEditGroupViewTestCase" name="test_permission_edit_group" time="0.142"></testcase><testcase classname="tests.unit_tests.structure_app.test_views.StructureEditGroupViewTestCase" name="test_valid_edit_group" time="0.163"></testcase><testcase classname="tests.unit_tests.structure_app.test_views.StructureEditOrganizationViewTestCase" name="test_permission_edit_organization" time="0.251"></testcase><testcase classname="tests.unit_tests.structure_app.test_views.StructureEditOrganizationViewTestCase" name="test_valid_edit_organization" time="0.187"></testcase><testcase classname="tests.unit_tests.structure_app.test_views.StructureGroupInvitationRequestViewTestCase" name="test_call_group_invitation_form" time="0.189"></testcase><testcase classname="tests.unit_tests.structure_app.test_views.StructureGroupInvitationRequestViewTestCase" name="test_create_group_invitation_not_logged_in" time="0.106"></testcase><testcase classname="tests.unit_tests.structure_app.test_views.StructureGroupInvitationRequestViewTestCase" name="test_missing_permission_create_group_invitation" time="0.209"></testcase><testcase classname="tests.unit_tests.structure_app.test_views.StructureIndexViewTestCase" name="test_get_groups_index" time="0.304"></testcase><testcase classname="tests.unit_tests.structure_app.test_views.StructureIndexViewTestCase" name="test_get_organization_index" time="0.253"></testcase><testcase classname="tests.unit_tests.structure_app.test_views.StructureNewGroupViewTestCase" name="test_get_new_group" time="0.174"></testcase><testcase classname="tests.unit_tests.structure_app.test_views.StructureNewGroupViewTestCase" name="test_permission_new_group" time="0.167"></testcase><testcase classname="tests.unit_tests.structure_app.test_views.StructureNewGroupViewTestCase" name="test_post_invalid_new_group" time="0.164"></testcase><testcase classname="tests.unit_tests.structure_app.test_views.StructureNewGroupViewTestCase" name="test_post_valid_new_group" time="0.126"></testcase><testcase classname="tests.unit_tests.structure_app.test_views.StructureNewOrganizationViewTestCase" name="test_get_new_organization" time="0.220"></testcase><testcase classname="tests.unit_tests.structure_app.test_views.StructureNewOrganizationViewTestCase" name="test_permission_new_organization" time="0.162"></testcase><testcase classname="tests.unit_tests.structure_app.test_views.StructureNewOrganizationViewTestCase" name="test_post_invalid_new_organization" time="0.189"></testcase><testcase classname="tests.unit_tests.structure_app.test_views.StructureNewOrganizationViewTestCase" name="test_post_valid_new_organization" time="0.112"></testcase><testcase classname="tests.unit_tests.structure_app.test_views.StructurePendingTaskViewTestCase" name="test_remove_pending_task" time="0.128"></testcase><testcase classname="tests.unit_tests.structure_app.test_views.StructurePublishRequestViewTestCase" name="test_valid_publish_request" time="0.156"></testcase><testcase classname="tests.unit_tests.structure_app.test_views.StructureRemoveGroupViewTestCase" name="test_get_remove_group" time="0.160"></testcase><testcase classname="tests.unit_tests.structure_app.test_views.StructureRemoveGroupViewTestCase" name="test_permission_remove_group" time="0.127"></testcase><testcase classname="tests.unit_tests.structure_app.test_views.StructureRemoveGroupViewTestCase" name="test_post_valid_remove_group" time="0.140"></testcase><testcase classname="tests.unit_tests.structure_app.test_views.StructureRemoveOrganizationViewTestCase" name="test_get_remove_organization" time="0.217"></testcase><testcase classname="tests.unit_tests.structure_app.test_views.StructureRemoveOrganizationViewTestCase" name="test_permission_remove_organization" time="0.197"></testcase><testcase classname="tests.unit_tests.structure_app.test_views.StructureRemoveOrganizationViewTestCase" name="test_post_valid_remove_organization" time="0.189"></testcase><testcase classname="tests.unit_tests.users_app.test_views.AccountEditTestCase" name="test_error_messages_of_password_at_most_8" time="0.122"></testcase><testcase classname="tests.unit_tests.users_app.test_views.AccountEditTestCase" name="test_error_messages_of_password_more_than_255" time="0.092"></testcase><testcase classname="tests.unit_tests.users_app.test_views.AccountEditTestCase" name="test_error_messages_of_password_without_digit" time="0.089"></testcase><testcase classname="tests.unit_tests.users_app.test_views.AccountEditTestCase" name="test_error_messages_of_password_without_lower" time="0.084"></testcase><testcase classname="tests.unit_tests.users_app.test_views.AccountEditTestCase" name="test_error_messages_of_password_without_upper" time="0.082"></testcase><testcase classname="tests.unit_tests.users_app.test_views.AccountEditTestCase" name="test_get_account_edit_view" time="0.123"></testcase><testcase classname="tests.unit_tests.users_app.test_views.AccountEditTestCase" name="test_user_profile_edit_with_logged_in_user" time="0.062"></testcase><testcase classname="tests.unit_tests.users_app.test_views.AccountEditTestCase" name="test_user_profile_edit_with_logged_out_user" time="0.046"></testcase><testcase classname="tests.unit_tests.users_app.test_views.ActivateUserTestCase" name="test_user_activation" time="0.045"></testcase><testcase classname="tests.unit_tests.users_app.test_views.HomeViewTestCase" name="test_home_view" time="0.143"></testcase><testcase classname="tests.unit_tests.users_app.test_views.LoginLogoutTestCase" name="test_get" time="0.050"></testcase><testcase classname="tests.unit_tests.users_app.test_views.LoginLogoutTestCase" name="test_user_login_logout" time="0.081"></testcase><testcase classname="tests.unit_tests.users_app.test_views.PasswordChangeTestCase" name="test_user_password_change_invalid_old_password" time="0.131"></testcase><testcase classname="tests.unit_tests.users_app.test_views.PasswordChangeTestCase" name="test_user_password_change_invalid_password_again" time="0.109"></testcase><testcase classname="tests.unit_tests.users_app.test_views.PasswordChangeTestCase" name="test_user_password_change_with_logged_in_user" time="0.078"></testcase><testcase classname="tests.unit_tests.users_app.test_views.PasswordChangeTestCase" name="test_user_password_change_with_logged_out_user" time="0.045"></testcase><testcase classname="tests.unit_tests.users_app.test_views.PasswordResetTestCase" name="test_get_password_reset_view" time="0.060"></testcase><testcase classname="tests.unit_tests.users_app.test_views.PasswordResetTestCase" name="test_success_password_reset" time="0.048"></testcase><testcase classname="tests.unit_tests.users_app.test_views.RegisterNewUserTestCase" name="test_get_user_register_view" time="0.055"></testcase><testcase classname="tests.unit_tests.users_app.test_views.RegisterNewUserTestCase" name="test_success_user_register" time="0.044"></testcase><testcase classname="tests.unit_tests.users_app.test_views.SubscriptionViewsTestCases" name="test_edit_subscription" time="0.593"></testcase><testcase classname="tests.unit_tests.users_app.test_views.SubscriptionViewsTestCases" name="test_new_subscription" time="0.644"></testcase><testcase classname="tests.unit_tests.users_app.test_views.SubscriptionViewsTestCases" name="test_remove_subscription" time="0.556"></testcase><testcase classname="tests.unit_tests.MrMap_app.test_decorator" name="create_testuser" time="0.042"></testcase><testcase classname="tests.unit_tests.service_app.test_tables" name="create_testuser" time="0.003"></testcase><testcase classname="tests.unit_tests.service_app.test_views" name="create_testuser" time="0.002"></testcase><testcase classname="tests.unit_tests.structure_app.test_views" name="create_testuser" time="0.003"></testcase></testsuite>